  Performing Custom Build Tools
  Performing Custom Build Tools
  ces.cpp
  lexer.cc
D:\dev\tool\vs2019\IDE\VC\Tools\MSVC\14.28.29910\include\stdint.h(49,1): warning C4005: “INT8_MIN”: 宏重定义
C:\Users\ajanuw\Desktop\ces\lexer.cc(57): message : 参见“INT8_MIN”的前一个定义
D:\dev\tool\vs2019\IDE\VC\Tools\MSVC\14.28.29910\include\stdint.h(50,1): warning C4005: “INT16_MIN”: 宏重定义
C:\Users\ajanuw\Desktop\ces\lexer.cc(60): message : 参见“INT16_MIN”的前一个定义
D:\dev\tool\vs2019\IDE\VC\Tools\MSVC\14.28.29910\include\stdint.h(51,1): warning C4005: “INT32_MIN”: 宏重定义
C:\Users\ajanuw\Desktop\ces\lexer.cc(63): message : 参见“INT32_MIN”的前一个定义
D:\dev\tool\vs2019\IDE\VC\Tools\MSVC\14.28.29910\include\stdint.h(53,1): warning C4005: “INT8_MAX”: 宏重定义
C:\Users\ajanuw\Desktop\ces\lexer.cc(66): message : 参见“INT8_MAX”的前一个定义
D:\dev\tool\vs2019\IDE\VC\Tools\MSVC\14.28.29910\include\stdint.h(54,1): warning C4005: “INT16_MAX”: 宏重定义
C:\Users\ajanuw\Desktop\ces\lexer.cc(69): message : 参见“INT16_MAX”的前一个定义
D:\dev\tool\vs2019\IDE\VC\Tools\MSVC\14.28.29910\include\stdint.h(55,1): warning C4005: “INT32_MAX”: 宏重定义
C:\Users\ajanuw\Desktop\ces\lexer.cc(72): message : 参见“INT32_MAX”的前一个定义
D:\dev\tool\vs2019\IDE\VC\Tools\MSVC\14.28.29910\include\stdint.h(57,1): warning C4005: “UINT8_MAX”: 宏重定义
C:\Users\ajanuw\Desktop\ces\lexer.cc(75): message : 参见“UINT8_MAX”的前一个定义
D:\dev\tool\vs2019\IDE\VC\Tools\MSVC\14.28.29910\include\stdint.h(58,1): warning C4005: “UINT16_MAX”: 宏重定义
C:\Users\ajanuw\Desktop\ces\lexer.cc(78): message : 参见“UINT16_MAX”的前一个定义
D:\dev\tool\vs2019\IDE\VC\Tools\MSVC\14.28.29910\include\stdint.h(59,1): warning C4005: “UINT32_MAX”: 宏重定义
C:\Users\ajanuw\Desktop\ces\lexer.cc(81): message : 参见“UINT32_MAX”的前一个定义
  parser.cc
  正在生成代码...
  ces.vcxproj -> C:\Users\ajanuw\Desktop\ces\Debug\ces.exe
